Arguments: 
  C:\Program Files\nodejs\node.exe C:\Users\saileshbro\AppData\Roaming\npm\node_modules\yarn\bin\yarn.js

PATH: 
  C:\Program Files\Git\mingw64\bin;C:\Program Files\Git\usr\bin;C:\Users\saileshbro\bin;C:\Python38\Scripts;C:\Python38;C:\WINDOWS\system32;C:\WINDOWS;C:\WINDOWS\System32\Wbem;C:\WINDOWS\System32\WindowsPowerShell\v1.0;C:\WINDOWS\System32\OpenSSH;C:\Program Files (x86)\NVIDIA Corporation\PhysX\Common;C:\flutter\bin;C:\Program Files\Microsoft SQL Server\Client SDK\ODBC\170\Tools\Binn;C:\ProgramData\chocolatey\bin;C:\xampp\php;C:\ProgramData\ComposerSetup\bin;C:\Program Files (x86)\Microsoft SQL Server\150\Tools\Binn;C:\Program Files\Microsoft SQL Server\150\Tools\Binn;C:\Program Files\Microsoft SQL Server\150\DTS\Binn;C:\Program Files (x86)\Microsoft SQL Server\150\DTS\Binn;C:\Program Files\Microsoft SQL Server\130\Tools\Binn;C:\flutter\bin\cache\dart-sdk\bin;C:\Program Files\nodejs;C:\Program Files\dotnet;C:\Program Files (x86)\dotnet;C:\Users\saileshbro\AppData\Local\Android\Sdk\tools;C:\Program Files\Git\cmd;C:\;C:\Users\saileshbro\AppData\Local\Pub\Cache\bin;C:\Program Files\Docker\Docker\resources\bin;C:\ProgramData\DockerDesktop\version-bin;C:\Users\saileshbro\AppData\Local\Programs\Python\Python39\Scripts;C:\Users\saileshbro\AppData\Local\Programs\Python\Python39;C:\WINDOWS\system32;C:\WINDOWS;C:\WINDOWS\System32\Wbem;C:\WINDOWS\System32\WindowsPowerShell\v1.0;C:\WINDOWS\System32\OpenSSH;C:\Program Files (x86)\NVIDIA Corporation\PhysX\Common;C:\Program Files\NVIDIA Corporation\NVIDIA NvDLISR;C:\Program Files\Git\cmd;C:\Program Files\dotnet;C:\Program Files\Microsoft SQL Server\130\Tools\Binn;C:\Program Files\Microsoft SQL Server\Client SDK\ODBC\170\Tools\Binn;C:\Users\saileshbro\AppData\Local\Microsoft\WindowsApps;C:\Users\saileshbro\AppData\Local\Programs\Microsoft VS Code\bin;C:\Users\saileshbro\.dotnet\tools;C:\Users\saileshbro\AppData\Local\hyper\app-3.0.2\resources\bin;C:\Program Files (x86)\GitHub CLI;C:\Users\saileshbro\AppData\Roaming\Composer\vendor\bin;C:\Users\saileshbro\AppData\Local\Android\Sdk\platform-tools;C:\Program Files\heroku\bin;C:\Program Files\Tesseract-OCR;C:\Users\saileshbro\AppData\Roaming\npm;C:\Users\saileshbro\.dotnet\tools;C:\Program Files\Android\Android Studio\jre\jre\bin;C:\Users\saileshbro\AppData\Local\Yarn\bin

Yarn version: 
  1.22.10

Node version: 
  15.0.1

Platform: 
  win32 x64

Trace: 
  Error: getaddrinfo EAI_AGAIN registry.yarnpkg.com
      at GetAddrInfoReqWrap.onlookup [as oncomplete] (node:dns:67:26)

npm manifest: 
  {
    "name": "orders",
    "version": "1.0.0",
    "main": "index.js",
    "license": "MIT",
    "scripts": {
      "start": "ts-node-dev --poll src/index.ts",
      "test": "jest --watchAll --no-cache"
    },
    "jest": {
      "preset": "ts-jest",
      "testEnvironment": "node",
      "setupFilesAfterEnv": [
        "./test/setup.ts"
      ]
    },
    "dependencies": {
      "@saileshbrotickets/common": "^1.0.8",
      "@types/cookie-session": "^2.0.42",
      "@types/express": "^4.17.9",
      "@types/jsonwebtoken": "^8.5.0",
      "@types/mongoose": "^5.10.3",
      "cookie-session": "^1.4.0",
      "express": "^4.17.1",
      "express-async-errors": "^3.1.1",
      "express-validator": "^6.9.0",
      "jsonwebtoken": "^8.5.1",
      "mongoose": "^5.11.9",
      "ts-node-dev": "^1.1.1",
      "typescript": "^4.1.3"
    },
    "devDependencies": {
      "@types/jest": "^26.0.19",
      "@types/supertest": "^2.0.10",
      "jest": "^26.6.3",
      "mongodb-memory-server": "^6.9.2",
      "supertest": "^6.0.1",
      "ts-jest": "^26.4.4"
    }
  }

yarn manifest: 
  No manifest

Lockfile: 
  No lockfile
